c:\users\hmms\documents\github\thesis\kuka lwr\vsprojects\kuka-output\intermediates\dspfilters-x64release\biquad.nativecodeanalysis.xml
c:\users\hmms\documents\github\thesis\kuka lwr\vsprojects\kuka-output\intermediates\dspfilters-x64release\biquad.obj
c:\users\hmms\documents\github\thesis\kuka lwr\vsprojects\kuka-output\intermediates\dspfilters-x64release\filter.nativecodeanalysis.xml
c:\users\hmms\documents\github\thesis\kuka lwr\vsprojects\kuka-output\intermediates\dspfilters-x64release\filter.obj
c:\users\hmms\documents\github\thesis\kuka lwr\vsprojects\kuka-output\intermediates\dspfilters-x64release\state.nativecodeanalysis.xml
c:\users\hmms\documents\github\thesis\kuka lwr\vsprojects\kuka-output\intermediates\dspfilters-x64release\state.obj
c:\users\hmms\documents\github\thesis\kuka lwr\vsprojects\kuka-output\intermediates\dspfilters-x64release\design.nativecodeanalysis.xml
c:\users\hmms\documents\github\thesis\kuka lwr\vsprojects\kuka-output\intermediates\dspfilters-x64release\design.obj
c:\users\hmms\documents\github\thesis\kuka lwr\vsprojects\kuka-output\intermediates\dspfilters-x64release\documentation.nativecodeanalysis.xml
c:\users\hmms\documents\github\thesis\kuka lwr\vsprojects\kuka-output\intermediates\dspfilters-x64release\documentation.obj
c:\users\hmms\documents\github\thesis\kuka lwr\vsprojects\kuka-output\intermediates\dspfilters-x64release\custom.nativecodeanalysis.xml
c:\users\hmms\documents\github\thesis\kuka lwr\vsprojects\kuka-output\intermediates\dspfilters-x64release\custom.obj
c:\users\hmms\documents\github\thesis\kuka lwr\vsprojects\kuka-output\intermediates\dspfilters-x64release\legendre.nativecodeanalysis.xml
c:\users\hmms\documents\github\thesis\kuka lwr\vsprojects\kuka-output\intermediates\dspfilters-x64release\legendre.obj
c:\users\hmms\documents\github\thesis\kuka lwr\vsprojects\kuka-output\intermediates\dspfilters-x64release\chebyshevii.nativecodeanalysis.xml
c:\users\hmms\documents\github\thesis\kuka lwr\vsprojects\kuka-output\intermediates\dspfilters-x64release\chebyshevii.obj
c:\users\hmms\documents\github\thesis\kuka lwr\vsprojects\kuka-output\intermediates\dspfilters-x64release\param.nativecodeanalysis.xml
c:\users\hmms\documents\github\thesis\kuka lwr\vsprojects\kuka-output\intermediates\dspfilters-x64release\param.obj
c:\users\hmms\documents\github\thesis\kuka lwr\vsprojects\kuka-output\intermediates\dspfilters-x64release\bessel.nativecodeanalysis.xml
c:\users\hmms\documents\github\thesis\kuka lwr\vsprojects\kuka-output\intermediates\dspfilters-x64release\bessel.obj
c:\users\hmms\documents\github\thesis\kuka lwr\vsprojects\kuka-output\intermediates\dspfilters-x64release\rbj.nativecodeanalysis.xml
c:\users\hmms\documents\github\thesis\kuka lwr\vsprojects\kuka-output\intermediates\dspfilters-x64release\rbj.obj
c:\users\hmms\documents\github\thesis\kuka lwr\vsprojects\kuka-output\intermediates\dspfilters-x64release\chebyshevi.nativecodeanalysis.xml
c:\users\hmms\documents\github\thesis\kuka lwr\vsprojects\kuka-output\intermediates\dspfilters-x64release\chebyshevi.obj
c:\users\hmms\documents\github\thesis\kuka lwr\vsprojects\kuka-output\intermediates\dspfilters-x64release\polefilter.nativecodeanalysis.xml
c:\users\hmms\documents\github\thesis\kuka lwr\vsprojects\kuka-output\intermediates\dspfilters-x64release\polefilter.obj
c:\users\hmms\documents\github\thesis\kuka lwr\vsprojects\kuka-output\intermediates\dspfilters-x64release\butterworth.nativecodeanalysis.xml
c:\users\hmms\documents\github\thesis\kuka lwr\vsprojects\kuka-output\intermediates\dspfilters-x64release\butterworth.obj
c:\users\hmms\documents\github\thesis\kuka lwr\vsprojects\kuka-output\intermediates\dspfilters-x64release\elliptic.nativecodeanalysis.xml
c:\users\hmms\documents\github\thesis\kuka lwr\vsprojects\kuka-output\intermediates\dspfilters-x64release\elliptic.obj
c:\users\hmms\documents\github\thesis\kuka lwr\vsprojects\kuka-output\intermediates\dspfilters-x64release\cascade.nativecodeanalysis.xml
c:\users\hmms\documents\github\thesis\kuka lwr\vsprojects\kuka-output\intermediates\dspfilters-x64release\cascade.obj
c:\users\hmms\documents\github\thesis\kuka lwr\vsprojects\kuka-output\intermediates\dspfilters-x64release\rootfinder.nativecodeanalysis.xml
c:\users\hmms\documents\github\thesis\kuka lwr\vsprojects\kuka-output\intermediates\dspfilters-x64release\rootfinder.obj
c:\users\hmms\documents\github\thesis\kuka lwr\vsprojects\kuka-output\intermediates\dspfilters-x64release\vc120.pdb
c:\users\hmms\documents\github\thesis\kuka lwr\vsprojects\kuka-output\products\x64release\dspfilters.lib
c:\users\hmms\documents\github\thesis\kuka lwr\vsprojects\kuka-output\intermediates\dspfilters-x64release\nativecodeanalysis.read.1.tlog
c:\users\hmms\documents\github\thesis\kuka lwr\vsprojects\kuka-output\intermediates\dspfilters-x64release\vc.nativecodeanalysis.all.xml
c:\users\hmms\documents\github\thesis\kuka lwr\vsprojects\kuka-output\products\x64release\dspfilters.lib.lastcodeanalysissucceeded
c:\users\hmms\documents\github\thesis\kuka lwr\vsprojects\kuka-output\intermediates\dspfilters-x64release\dspfilters.tlog\cl.command.1.tlog
c:\users\hmms\documents\github\thesis\kuka lwr\vsprojects\kuka-output\intermediates\dspfilters-x64release\dspfilters.tlog\cl.read.1.tlog
c:\users\hmms\documents\github\thesis\kuka lwr\vsprojects\kuka-output\intermediates\dspfilters-x64release\dspfilters.tlog\cl.write.1.tlog
c:\users\hmms\documents\github\thesis\kuka lwr\vsprojects\kuka-output\intermediates\dspfilters-x64release\dspfilters.tlog\lib-link.read.1.tlog
c:\users\hmms\documents\github\thesis\kuka lwr\vsprojects\kuka-output\intermediates\dspfilters-x64release\dspfilters.tlog\lib-link.write.1.tlog
c:\users\hmms\documents\github\thesis\kuka lwr\vsprojects\kuka-output\intermediates\dspfilters-x64release\dspfilters.tlog\lib.command.1.tlog
