c:\users\hmms\documents\github\thesis\kuka lwr\vsprojects\kuka\debug\vc120.pdb
c:\users\hmms\documents\github\thesis\kuka lwr\vsprojects\kuka\debug\vc120.idb
c:\users\hmms\documents\github\thesis\kuka lwr\vsprojects\kuka\debug\execute.obj
c:\users\hmms\documents\github\thesis\kuka lwr\vsprojects\kuka\debug\loadcell.obj
c:\users\hmms\documents\github\thesis\kuka lwr\vsprojects\kuka\debug\lwr.obj
c:\users\hmms\documents\github\thesis\kuka lwr\vsprojects\kuka\debug\lwrlogparser.obj
c:\users\hmms\documents\github\thesis\kuka lwr\vsprojects\kuka\debug\lwrtest.obj
c:\users\hmms\documents\github\thesis\kuka lwr\vsprojects\kuka\debug\utils.obj
c:\users\hmms\documents\github\thesis\kuka lwr\vsprojects\debug\kuka.lib
c:\users\hmms\documents\github\thesis\kuka lwr\vsprojects\debug\kuka.exe
c:\users\hmms\documents\github\thesis\kuka lwr\vsprojects\debug\kuka.pdb
c:\users\hmms\documents\github\thesis\kuka lwr\vsprojects\kuka\debug\kuka.tlog\cl.command.1.tlog
c:\users\hmms\documents\github\thesis\kuka lwr\vsprojects\kuka\debug\kuka.tlog\cl.read.1.tlog
c:\users\hmms\documents\github\thesis\kuka lwr\vsprojects\kuka\debug\kuka.tlog\cl.write.1.tlog
c:\users\hmms\documents\github\thesis\kuka lwr\vsprojects\kuka\debug\kuka.tlog\lib-link.read.1.tlog
c:\users\hmms\documents\github\thesis\kuka lwr\vsprojects\kuka\debug\kuka.tlog\lib-link.write.1.tlog
c:\users\hmms\documents\github\thesis\kuka lwr\vsprojects\kuka\debug\kuka.tlog\lib.command.1.tlog
c:\users\hmms\documents\github\thesis\kuka lwr\vsprojects\kuka\debug\kuka.tlog\link.command.1.tlog
c:\users\hmms\documents\github\thesis\kuka lwr\vsprojects\kuka\debug\kuka.tlog\link.read.1.tlog
c:\users\hmms\documents\github\thesis\kuka lwr\vsprojects\kuka\debug\kuka.tlog\link.write.1.tlog
